Using pre-set license
Built from '2020.2/release' branch; Version is '2020.2.4f1 (becced5a802b) revision 12504301'; Using compiler version '192528614'; Build Type 'Release'
OS: 'Windows 10 Pro; OS build 19042.1237; Version 2009; 64bit' Language: 'en' Physical Memory: 16286 MB
BatchMode: 1, IsHumanControllingUs: 0, StartBugReporterOnCrash: 0, Is64bit: 1, IsPro: 0

 COMMAND LINE ARGUMENTS:
C:\Program Files\Unity\Hub\Editor\2020.2.4f1\Editor\Unity.exe
-adb2
-batchMode
-noUpm
-name
AssetImportWorker0
-projectPath
C:/Users/Adam Oz/Desktop/Assessment3/31263-Assessment3-Pacman
-logFile
Logs/AssetImportWorker0.log
-srvPort
61762
Successfully changed project path to: C:/Users/Adam Oz/Desktop/Assessment3/31263-Assessment3-Pacman
C:/Users/Adam Oz/Desktop/Assessment3/31263-Assessment3-Pacman
Using Asset Import Pipeline V2.
Refreshing native plugins compatible for Editor in 37.85 ms, found 1 plugins.
Preloading 0 native plugins for Editor in 0.00 ms.
Initialize engine version: 2020.2.4f1 (becced5a802b)
[Subsystems] Discovering subsystems at path C:/Program Files/Unity/Hub/Editor/2020.2.4f1/Editor/Data/Resources/UnitySubsystems
[Subsystems] Discovering subsystems at path C:/Users/Adam Oz/Desktop/Assessment3/31263-Assessment3-Pacman/Assets
GfxDevice: creating device client; threaded=0
Direct3D:
    Version:  Direct3D 11.0 [level 11.0]
    Renderer: NVIDIA GeForce 940MX (ID=0x134d)
    Vendor:   
    VRAM:     2010 MB
    Driver:   30.0.14.7168
Initialize mono
Mono path[0] = 'C:/Program Files/Unity/Hub/Editor/2020.2.4f1/Editor/Data/Managed'
Mono path[1] = 'C:/Program Files/Unity/Hub/Editor/2020.2.4f1/Editor/Data/MonoBleedingEdge/lib/mono/unityjit'
Mono config path = 'C:/Program Files/Unity/Hub/Editor/2020.2.4f1/Editor/Data/MonoBleedingEdge/etc'
Using monoOptions --debugger-agent=transport=dt_socket,embedding=1,server=y,suspend=n,address=127.0.0.1:56056
Begin MonoManager ReloadAssembly
Registering precompiled unity dll's ...
Register platform support module: C:/Program Files/Unity/Hub/Editor/2020.2.4f1/Editor/Data/PlaybackEngines/WindowsStandaloneSupport/UnityEditor.WindowsStandalone.Extensions.dll
Registered in 0.002281 seconds.
Native extension for WindowsStandalone target not found
Refreshing native plugins compatible for Editor in 37.51 ms, found 1 plugins.
Preloading 0 native plugins for Editor in 0.00 ms.
Invoked RoslynAnalysisRunner static constructor.
RoslynAnalysisRunner will not be running.
RoslynAnalysisRunner has terminated.
Mono: successfully reloaded assembly
- Completed reload, in  1.240 seconds
Platform modules already initialized, skipping
Registering precompiled user dll's ...
Registered in 0.001153 seconds.
Begin MonoManager ReloadAssembly
Native extension for WindowsStandalone target not found
Refreshing native plugins compatible for Editor in 38.72 ms, found 1 plugins.
Preloading 0 native plugins for Editor in 0.00 ms.
Invoked RoslynAnalysisRunner static constructor.
RoslynAnalysisRunner will not be running.
RoslynAnalysisRunner has terminated.
Mono: successfully reloaded assembly
- Completed reload, in  1.035 seconds
Platform modules already initialized, skipping
========================================================================
Worker process is ready to serve import requests
Launched and connected shader compiler UnityShaderCompiler.exe after 0.05 seconds
Refreshing native plugins compatible for Editor in 0.58 ms, found 1 plugins.
Preloading 0 native plugins for Editor in 0.00 ms.
Unloading 1797 Unused Serialized files (Serialized files now loaded: 0)
System memory in use before: 84.4 MB.
System memory in use after: 84.4 MB.

Unloading 24 unused Assets to reduce memory usage. Loaded Objects now: 2238.
Total: 2.728800 ms (FindLiveObjects: 0.323500 ms CreateObjectMapping: 0.357800 ms MarkObjects: 1.903700 ms  DeleteObjects: 0.141900 ms)

========================================================================
Received Import Request.
  path: Assets/Scenes
  artifactKey: Guid(9a435633d3cd88444877061fad61a54d) Importer(815301076,1909f56bfc062723c751e8b465ee728b)
Start importing Assets/Scenes using Guid(9a435633d3cd88444877061fad61a54d) Importer(815301076,1909f56bfc062723c751e8b465ee728b)  -> (artifact id: '946d6f39c45b37ccfd10b873dfc04604') in 0.010293 seconds
  Import took 0.013311 seconds .

========================================================================
Received Import Request.
  Time since last request: 3.247448 seconds.
  path: Assets
  artifactKey: Guid(00000000000000001000000000000000) Importer(815301076,1909f56bfc062723c751e8b465ee728b)
Start importing Assets using Guid(00000000000000001000000000000000) Importer(815301076,1909f56bfc062723c751e8b465ee728b)  -> (artifact id: 'edc3feb264a98656617d3c2cb59c8f16') in 0.020290 seconds
  Import took 0.026132 seconds .

========================================================================
Received Import Request.
  Time since last request: 11.717381 seconds.
  path: Assets/Visual
  artifactKey: Guid(2b195d01a177688419cd5f8b18c6737a) Importer(815301076,1909f56bfc062723c751e8b465ee728b)
Start importing Assets/Visual using Guid(2b195d01a177688419cd5f8b18c6737a) Importer(815301076,1909f56bfc062723c751e8b465ee728b)  -> (artifact id: '81625f47a6ac4ece12608ba69740b7cd') in 0.013448 seconds
  Import took 0.018254 seconds .

========================================================================
Received Import Request.
  Time since last request: 9.279034 seconds.
  path: Assets/Audio
  artifactKey: Guid(631c74761c235594aa14be125d2bcac9) Importer(815301076,1909f56bfc062723c751e8b465ee728b)
Start importing Assets/Audio using Guid(631c74761c235594aa14be125d2bcac9) Importer(815301076,1909f56bfc062723c751e8b465ee728b)  -> (artifact id: '4330d9db268d3e0ececc5e8cdef0a9aa') in 0.013892 seconds
  Import took 0.018423 seconds .

========================================================================
Received Import Request.
  Time since last request: 1176.522248 seconds.
  path: Assets/Audio
  artifactKey: Guid(631c74761c235594aa14be125d2bcac9) Importer(815301076,1909f56bfc062723c751e8b465ee728b)
Start importing Assets/Audio using Guid(631c74761c235594aa14be125d2bcac9) Importer(815301076,1909f56bfc062723c751e8b465ee728b)  -> (artifact id: '06706df2294fa91693b31d0646d19b16') in 0.004642 seconds
  Import took 0.010044 seconds .

