Using pre-set license
Built from '2020.2/release' branch; Version is '2020.2.4f1 (becced5a802b) revision 12504301'; Using compiler version '192528614'; Build Type 'Release'
OS: 'Windows 10 Pro; OS build 19042.1288; Version 2009; 64bit' Language: 'en' Physical Memory: 16286 MB
BatchMode: 1, IsHumanControllingUs: 0, StartBugReporterOnCrash: 0, Is64bit: 1, IsPro: 0

 COMMAND LINE ARGUMENTS:
C:\Program Files\Unity\Hub\Editor\2020.2.4f1\Editor\Unity.exe
-adb2
-batchMode
-noUpm
-name
AssetImportWorker0
-projectPath
C:/Users/Adam Oz/Desktop/Assessment 3/Assessment3/31263-Assessment3-Pacman
-logFile
Logs/AssetImportWorker0.log
-srvPort
61804
Successfully changed project path to: C:/Users/Adam Oz/Desktop/Assessment 3/Assessment3/31263-Assessment3-Pacman
C:/Users/Adam Oz/Desktop/Assessment 3/Assessment3/31263-Assessment3-Pacman
Using Asset Import Pipeline V2.
Refreshing native plugins compatible for Editor in 39.44 ms, found 1 plugins.
Preloading 0 native plugins for Editor in 0.00 ms.
Initialize engine version: 2020.2.4f1 (becced5a802b)
[Subsystems] Discovering subsystems at path C:/Program Files/Unity/Hub/Editor/2020.2.4f1/Editor/Data/Resources/UnitySubsystems
[Subsystems] Discovering subsystems at path C:/Users/Adam Oz/Desktop/Assessment 3/Assessment3/31263-Assessment3-Pacman/Assets
GfxDevice: creating device client; threaded=0
Direct3D:
    Version:  Direct3D 11.0 [level 11.0]
    Renderer: NVIDIA GeForce 940MX (ID=0x134d)
    Vendor:   
    VRAM:     2010 MB
    Driver:   30.0.14.7168
Initialize mono
Mono path[0] = 'C:/Program Files/Unity/Hub/Editor/2020.2.4f1/Editor/Data/Managed'
Mono path[1] = 'C:/Program Files/Unity/Hub/Editor/2020.2.4f1/Editor/Data/MonoBleedingEdge/lib/mono/unityjit'
Mono config path = 'C:/Program Files/Unity/Hub/Editor/2020.2.4f1/Editor/Data/MonoBleedingEdge/etc'
Using monoOptions --debugger-agent=transport=dt_socket,embedding=1,server=y,suspend=n,address=127.0.0.1:56268
Begin MonoManager ReloadAssembly
Registering precompiled unity dll's ...
Register platform support module: C:/Program Files/Unity/Hub/Editor/2020.2.4f1/Editor/Data/PlaybackEngines/WindowsStandaloneSupport/UnityEditor.WindowsStandalone.Extensions.dll
Registered in 0.002330 seconds.
Native extension for WindowsStandalone target not found
Refreshing native plugins compatible for Editor in 40.26 ms, found 1 plugins.
Preloading 0 native plugins for Editor in 0.00 ms.
Invoked RoslynAnalysisRunner static constructor.
RoslynAnalysisRunner will not be running.
RoslynAnalysisRunner has terminated.
Mono: successfully reloaded assembly
- Completed reload, in  1.242 seconds
Platform modules already initialized, skipping
Registering precompiled user dll's ...
Registered in 0.001169 seconds.
Begin MonoManager ReloadAssembly
Native extension for WindowsStandalone target not found
Refreshing native plugins compatible for Editor in 42.17 ms, found 1 plugins.
Preloading 0 native plugins for Editor in 0.00 ms.
Invoked RoslynAnalysisRunner static constructor.
RoslynAnalysisRunner will not be running.
RoslynAnalysisRunner has terminated.
Mono: successfully reloaded assembly
- Completed reload, in  1.178 seconds
Platform modules already initialized, skipping
========================================================================
Worker process is ready to serve import requests
Launched and connected shader compiler UnityShaderCompiler.exe after 0.05 seconds
Refreshing native plugins compatible for Editor in 0.38 ms, found 1 plugins.
Preloading 0 native plugins for Editor in 0.00 ms.
Unloading 1838 Unused Serialized files (Serialized files now loaded: 0)
System memory in use before: 86.4 MB.
System memory in use after: 86.5 MB.

Unloading 19 unused Assets to reduce memory usage. Loaded Objects now: 2285.
Total: 3.403000 ms (FindLiveObjects: 0.253200 ms CreateObjectMapping: 0.078700 ms MarkObjects: 2.945200 ms  DeleteObjects: 0.124100 ms)

========================================================================
Received Import Request.
  path: Assets/Audio Clips/Pacman Moving No Pellet.mp3
  artifactKey: Guid(b22aba2d3d06b714ea78cf3dfc16f9ac) Importer(815301076,1909f56bfc062723c751e8b465ee728b)
Start importing Assets/Audio Clips/Pacman Moving No Pellet.mp3 using Guid(b22aba2d3d06b714ea78cf3dfc16f9ac) Importer(815301076,1909f56bfc062723c751e8b465ee728b)  -> (artifact id: '8556e6a15e0a2056c686ae00e3d18a14') in 0.166594 seconds
  Import took 0.170937 seconds .

========================================================================
Received Import Request.
  Time since last request: 0.000254 seconds.
  path: Assets/Audio Clips/Pacman Death.wav
  artifactKey: Guid(4eed263fc1edfb9418ccd7dbb2bdc769) Importer(815301076,1909f56bfc062723c751e8b465ee728b)
Start importing Assets/Audio Clips/Pacman Death.wav using Guid(4eed263fc1edfb9418ccd7dbb2bdc769) Importer(815301076,1909f56bfc062723c751e8b465ee728b)  -> (artifact id: '6c3ebb2ff70dffb4aab5305824e4d80a') in 0.032988 seconds
  Import took 0.037576 seconds .

========================================================================
Received Import Request.
  Time since last request: 0.000210 seconds.
  path: Assets/Audio Clips/Pacman Eating Pellet.mp3
  artifactKey: Guid(9b3f76149e27cc24e81ddae52b757967) Importer(815301076,1909f56bfc062723c751e8b465ee728b)
Start importing Assets/Audio Clips/Pacman Eating Pellet.mp3 using Guid(9b3f76149e27cc24e81ddae52b757967) Importer(815301076,1909f56bfc062723c751e8b465ee728b)  -> (artifact id: '1a901167ed9444752d92c43bb328d53b') in 0.025859 seconds
  Import took 0.030051 seconds .

========================================================================
Received Import Request.
  Time since last request: 0.000209 seconds.
  path: Assets/Audio Clips/Pacman Collides with Wall.mp3
  artifactKey: Guid(ae2ee8e9d0a5fc74d80858bb156419be) Importer(815301076,1909f56bfc062723c751e8b465ee728b)
Start importing Assets/Audio Clips/Pacman Collides with Wall.mp3 using Guid(ae2ee8e9d0a5fc74d80858bb156419be) Importer(815301076,1909f56bfc062723c751e8b465ee728b)  -> (artifact id: '6a2e9404becfa83ad4bad5f38bfd7551') in 0.022615 seconds
  Import took 0.026752 seconds .

========================================================================
Received Import Request.
  Time since last request: 0.000317 seconds.
  path: Assets/Audio Clips/Ghost Dead State Music.wav
  artifactKey: Guid(727b9e00b3cf3c445974caac3050bbb8) Importer(815301076,1909f56bfc062723c751e8b465ee728b)
Start importing Assets/Audio Clips/Ghost Dead State Music.wav using Guid(727b9e00b3cf3c445974caac3050bbb8) Importer(815301076,1909f56bfc062723c751e8b465ee728b)  -> (artifact id: 'e3f8a2e159ae03fd53af60af8dc0552f') in 0.025970 seconds
  Import took 0.032094 seconds .

========================================================================
Received Import Request.
  Time since last request: 0.000238 seconds.
  path: Assets/Audio Clips/Ghost Normal State Music.wav
  artifactKey: Guid(2c04e53a8046e474284734ec7ce218b5) Importer(815301076,1909f56bfc062723c751e8b465ee728b)
Start importing Assets/Audio Clips/Ghost Normal State Music.wav using Guid(2c04e53a8046e474284734ec7ce218b5) Importer(815301076,1909f56bfc062723c751e8b465ee728b)  -> (artifact id: 'f5a10584ecfca0bc3a1bcc805918ae69') in 0.021079 seconds
  Import took 0.026815 seconds .

========================================================================
Received Import Request.
  Time since last request: 0.000266 seconds.
  path: Assets/Audio Clips/Ghost Scared State Music.wav
  artifactKey: Guid(093eeb4a083460149a7ebf21f31c7b17) Importer(815301076,1909f56bfc062723c751e8b465ee728b)
Start importing Assets/Audio Clips/Ghost Scared State Music.wav using Guid(093eeb4a083460149a7ebf21f31c7b17) Importer(815301076,1909f56bfc062723c751e8b465ee728b)  -> (artifact id: '0f171faf39c47d35b44c32719dd74ac0') in 0.024922 seconds
  Import took 0.029312 seconds .

========================================================================
Received Import Request.
  Time since last request: 0.000233 seconds.
  path: Assets/Audio Clips
  artifactKey: Guid(631c74761c235594aa14be125d2bcac9) Importer(815301076,1909f56bfc062723c751e8b465ee728b)
Start importing Assets/Audio Clips using Guid(631c74761c235594aa14be125d2bcac9) Importer(815301076,1909f56bfc062723c751e8b465ee728b)  -> (artifact id: 'ba392dd64cf357f92f4474caaeb18e3d') in 0.012561 seconds
  Import took 0.017573 seconds .

========================================================================
Received Import Request.
  Time since last request: 0.000214 seconds.
  path: Assets/Audio Clips/Game Intro Music.wav
  artifactKey: Guid(6a3cd7f43d1a26e4c962dc4a1003f1b9) Importer(815301076,1909f56bfc062723c751e8b465ee728b)
Start importing Assets/Audio Clips/Game Intro Music.wav using Guid(6a3cd7f43d1a26e4c962dc4a1003f1b9) Importer(815301076,1909f56bfc062723c751e8b465ee728b)  -> (artifact id: 'ffd26b5f59f767fcff07f81ff2051c8b') in 0.028260 seconds
  Import took 0.031916 seconds .

========================================================================
Received Import Request.
  Time since last request: 41.279622 seconds.
  path: Assets/Scenes/SampleScene.unity
  artifactKey: Guid(2cda990e2423bbf4892e6590ba056729) Importer(815301076,1909f56bfc062723c751e8b465ee728b)
Start importing Assets/Scenes/SampleScene.unity using Guid(2cda990e2423bbf4892e6590ba056729) Importer(815301076,1909f56bfc062723c751e8b465ee728b)  -> (artifact id: '1d9784de34c400165e1d71f096ad8c95') in 0.015670 seconds
  Import took 0.020476 seconds .

========================================================================
Received Prepare
Registering precompiled user dll's ...
Registered in 0.002832 seconds.
Begin MonoManager ReloadAssembly
Native extension for WindowsStandalone target not found
Refreshing native plugins compatible for Editor in 0.71 ms, found 1 plugins.
Preloading 0 native plugins for Editor in 0.00 ms.
Invoked RoslynAnalysisRunner static constructor.
RoslynAnalysisRunner will not be running.
RoslynAnalysisRunner has terminated.
Mono: successfully reloaded assembly
- Completed reload, in  1.724 seconds
Platform modules already initialized, skipping
Refreshing native plugins compatible for Editor in 0.39 ms, found 1 plugins.
Preloading 0 native plugins for Editor in 0.00 ms.
Unloading 1827 Unused Serialized files (Serialized files now loaded: 0)
System memory in use before: 89.0 MB.
System memory in use after: 89.2 MB.

Unloading 7 unused Assets to reduce memory usage. Loaded Objects now: 2297.
Total: 2.922800 ms (FindLiveObjects: 0.401200 ms CreateObjectMapping: 0.210500 ms MarkObjects: 2.292200 ms  DeleteObjects: 0.016900 ms)

========================================================================
Received Import Request.
  Time since last request: 50.252312 seconds.
  path: Assets/Scripts/Play_Intro_Then_Normal_Music.cs
  artifactKey: Guid(cb414d7540232cb4689925c3d0031d33) Importer(815301076,1909f56bfc062723c751e8b465ee728b)
Start importing Assets/Scripts/Play_Intro_Then_Normal_Music.cs using Guid(cb414d7540232cb4689925c3d0031d33) Importer(815301076,1909f56bfc062723c751e8b465ee728b)  -> (artifact id: '2a6f2514ec49024c0825304ce071d119') in 0.035995 seconds
  Import took 0.039620 seconds .

========================================================================
Received Prepare
Registering precompiled user dll's ...
Registered in 0.001150 seconds.
Begin MonoManager ReloadAssembly
Native extension for WindowsStandalone target not found
Refreshing native plugins compatible for Editor in 0.38 ms, found 1 plugins.
Preloading 0 native plugins for Editor in 0.00 ms.
Invoked RoslynAnalysisRunner static constructor.
RoslynAnalysisRunner will not be running.
RoslynAnalysisRunner has terminated.
Mono: successfully reloaded assembly
- Completed reload, in  1.042 seconds
Platform modules already initialized, skipping
Refreshing native plugins compatible for Editor in 0.62 ms, found 1 plugins.
Preloading 0 native plugins for Editor in 0.00 ms.
Unloading 1827 Unused Serialized files (Serialized files now loaded: 0)
System memory in use before: 89.1 MB.
System memory in use after: 89.2 MB.

Unloading 7 unused Assets to reduce memory usage. Loaded Objects now: 2300.
Total: 3.276100 ms (FindLiveObjects: 0.303400 ms CreateObjectMapping: 0.100900 ms MarkObjects: 2.843800 ms  DeleteObjects: 0.026200 ms)

========================================================================
Received Prepare
Registering precompiled user dll's ...
Registered in 0.001849 seconds.
Begin MonoManager ReloadAssembly
Native extension for WindowsStandalone target not found
Refreshing native plugins compatible for Editor in 0.39 ms, found 1 plugins.
Preloading 0 native plugins for Editor in 0.00 ms.
Invoked RoslynAnalysisRunner static constructor.
RoslynAnalysisRunner will not be running.
RoslynAnalysisRunner has terminated.
Mono: successfully reloaded assembly
- Completed reload, in  0.995 seconds
Platform modules already initialized, skipping
Refreshing native plugins compatible for Editor in 0.35 ms, found 1 plugins.
Preloading 0 native plugins for Editor in 0.00 ms.
Unloading 1827 Unused Serialized files (Serialized files now loaded: 0)
System memory in use before: 89.1 MB.
System memory in use after: 89.2 MB.

Unloading 7 unused Assets to reduce memory usage. Loaded Objects now: 2303.
Total: 3.796900 ms (FindLiveObjects: 0.363400 ms CreateObjectMapping: 0.127000 ms MarkObjects: 3.283400 ms  DeleteObjects: 0.021200 ms)

========================================================================
Received Prepare
Registering precompiled user dll's ...
Registered in 0.002501 seconds.
Begin MonoManager ReloadAssembly
Native extension for WindowsStandalone target not found
Refreshing native plugins compatible for Editor in 0.36 ms, found 1 plugins.
Preloading 0 native plugins for Editor in 0.00 ms.
Invoked RoslynAnalysisRunner static constructor.
RoslynAnalysisRunner will not be running.
RoslynAnalysisRunner has terminated.
Mono: successfully reloaded assembly
- Completed reload, in  1.094 seconds
Platform modules already initialized, skipping
Refreshing native plugins compatible for Editor in 0.37 ms, found 1 plugins.
Preloading 0 native plugins for Editor in 0.00 ms.
Unloading 1827 Unused Serialized files (Serialized files now loaded: 0)
System memory in use before: 89.1 MB.
System memory in use after: 89.2 MB.

Unloading 7 unused Assets to reduce memory usage. Loaded Objects now: 2306.
Total: 2.902000 ms (FindLiveObjects: 0.592600 ms CreateObjectMapping: 0.141700 ms MarkObjects: 2.145000 ms  DeleteObjects: 0.019200 ms)

========================================================================
Received Prepare
Registering precompiled user dll's ...
Registered in 0.001436 seconds.
Begin MonoManager ReloadAssembly
Native extension for WindowsStandalone target not found
Refreshing native plugins compatible for Editor in 0.36 ms, found 1 plugins.
Preloading 0 native plugins for Editor in 0.00 ms.
Invoked RoslynAnalysisRunner static constructor.
RoslynAnalysisRunner will not be running.
RoslynAnalysisRunner has terminated.
Mono: successfully reloaded assembly
- Completed reload, in  1.127 seconds
Platform modules already initialized, skipping
Refreshing native plugins compatible for Editor in 0.36 ms, found 1 plugins.
Preloading 0 native plugins for Editor in 0.00 ms.
Unloading 1827 Unused Serialized files (Serialized files now loaded: 0)
System memory in use before: 89.1 MB.
System memory in use after: 89.2 MB.

Unloading 7 unused Assets to reduce memory usage. Loaded Objects now: 2309.
Total: 3.200500 ms (FindLiveObjects: 0.258600 ms CreateObjectMapping: 0.240300 ms MarkObjects: 2.680300 ms  DeleteObjects: 0.018900 ms)

========================================================================
Received Prepare
Registering precompiled user dll's ...
Registered in 0.001228 seconds.
Begin MonoManager ReloadAssembly
Native extension for WindowsStandalone target not found
Refreshing native plugins compatible for Editor in 0.37 ms, found 1 plugins.
Preloading 0 native plugins for Editor in 0.00 ms.
Invoked RoslynAnalysisRunner static constructor.
RoslynAnalysisRunner will not be running.
RoslynAnalysisRunner has terminated.
Mono: successfully reloaded assembly
- Completed reload, in  1.187 seconds
Platform modules already initialized, skipping
Refreshing native plugins compatible for Editor in 0.50 ms, found 1 plugins.
Preloading 0 native plugins for Editor in 0.00 ms.
Unloading 1827 Unused Serialized files (Serialized files now loaded: 0)
System memory in use before: 89.1 MB.
System memory in use after: 89.3 MB.

Unloading 7 unused Assets to reduce memory usage. Loaded Objects now: 2312.
Total: 4.102400 ms (FindLiveObjects: 0.460300 ms CreateObjectMapping: 0.243100 ms MarkObjects: 3.370700 ms  DeleteObjects: 0.025800 ms)

========================================================================
Received Import Request.
  Time since last request: 420.284862 seconds.
  path: Assets/Scenes
  artifactKey: Guid(9a435633d3cd88444877061fad61a54d) Importer(815301076,1909f56bfc062723c751e8b465ee728b)
Start importing Assets/Scenes using Guid(9a435633d3cd88444877061fad61a54d) Importer(815301076,1909f56bfc062723c751e8b465ee728b)  -> (artifact id: '946d6f39c45b37ccfd10b873dfc04604') in 0.018356 seconds
  Import took 0.024965 seconds .

========================================================================
Received Import Request.
  Time since last request: 5.377572 seconds.
  path: Assets/Scenes/StartScene.unity
  artifactKey: Guid(ab0585793d8409341a75e0c0bd3a275f) Importer(815301076,1909f56bfc062723c751e8b465ee728b)
Start importing Assets/Scenes/StartScene.unity using Guid(ab0585793d8409341a75e0c0bd3a275f) Importer(815301076,1909f56bfc062723c751e8b465ee728b)  -> (artifact id: 'd04f118b5a08d890ef7e82cf52f6054c') in 0.034919 seconds
  Import took 0.039515 seconds .

========================================================================
Received Import Request.
  Time since last request: 224.060632 seconds.
  path: Assets/Scripts
  artifactKey: Guid(71df8aefc9d112e4a9d238db6337612e) Importer(815301076,1909f56bfc062723c751e8b465ee728b)
Start importing Assets/Scripts using Guid(71df8aefc9d112e4a9d238db6337612e) Importer(815301076,1909f56bfc062723c751e8b465ee728b)  -> (artifact id: '5caae04e7a048ba95de4eb80f9175918') in 0.010667 seconds
  Import took 0.016272 seconds .

========================================================================
Received Prepare
Registering precompiled user dll's ...
Registered in 0.001678 seconds.
Begin MonoManager ReloadAssembly
Native extension for WindowsStandalone target not found
Refreshing native plugins compatible for Editor in 0.65 ms, found 1 plugins.
Preloading 0 native plugins for Editor in 0.00 ms.
Invoked RoslynAnalysisRunner static constructor.
RoslynAnalysisRunner will not be running.
RoslynAnalysisRunner has terminated.
Mono: successfully reloaded assembly
- Completed reload, in  1.172 seconds
Platform modules already initialized, skipping
Refreshing native plugins compatible for Editor in 0.52 ms, found 1 plugins.
Preloading 0 native plugins for Editor in 0.00 ms.
Unloading 1827 Unused Serialized files (Serialized files now loaded: 0)
System memory in use before: 89.2 MB.
System memory in use after: 89.3 MB.

Unloading 7 unused Assets to reduce memory usage. Loaded Objects now: 2315.
Total: 3.654200 ms (FindLiveObjects: 0.395800 ms CreateObjectMapping: 0.145100 ms MarkObjects: 3.088400 ms  DeleteObjects: 0.023500 ms)

========================================================================
Received Prepare
Registering precompiled user dll's ...
Registered in 0.001228 seconds.
Begin MonoManager ReloadAssembly
Native extension for WindowsStandalone target not found
Refreshing native plugins compatible for Editor in 0.37 ms, found 1 plugins.
Preloading 0 native plugins for Editor in 0.00 ms.
Invoked RoslynAnalysisRunner static constructor.
RoslynAnalysisRunner will not be running.
RoslynAnalysisRunner has terminated.
Mono: successfully reloaded assembly
- Completed reload, in  0.997 seconds
Platform modules already initialized, skipping
Refreshing native plugins compatible for Editor in 0.48 ms, found 1 plugins.
Preloading 0 native plugins for Editor in 0.00 ms.
Unloading 1827 Unused Serialized files (Serialized files now loaded: 0)
System memory in use before: 89.2 MB.
System memory in use after: 89.3 MB.

Unloading 7 unused Assets to reduce memory usage. Loaded Objects now: 2318.
Total: 2.776900 ms (FindLiveObjects: 0.264900 ms CreateObjectMapping: 0.079000 ms MarkObjects: 2.413600 ms  DeleteObjects: 0.017800 ms)

========================================================================
Received Prepare
Registering precompiled user dll's ...
Registered in 0.002057 seconds.
Begin MonoManager ReloadAssembly
Native extension for WindowsStandalone target not found
Refreshing native plugins compatible for Editor in 0.45 ms, found 1 plugins.
Preloading 0 native plugins for Editor in 0.00 ms.
Invoked RoslynAnalysisRunner static constructor.
RoslynAnalysisRunner will not be running.
RoslynAnalysisRunner has terminated.
Mono: successfully reloaded assembly
- Completed reload, in  1.561 seconds
Platform modules already initialized, skipping
Refreshing native plugins compatible for Editor in 0.55 ms, found 1 plugins.
Preloading 0 native plugins for Editor in 0.00 ms.
Unloading 1827 Unused Serialized files (Serialized files now loaded: 0)
System memory in use before: 89.2 MB.
System memory in use after: 89.3 MB.

Unloading 7 unused Assets to reduce memory usage. Loaded Objects now: 2321.
Total: 3.069200 ms (FindLiveObjects: 0.484700 ms CreateObjectMapping: 0.165200 ms MarkObjects: 2.396900 ms  DeleteObjects: 0.019800 ms)

========================================================================
Received Prepare
Registering precompiled user dll's ...
Registered in 0.001556 seconds.
Begin MonoManager ReloadAssembly
Native extension for WindowsStandalone target not found
Refreshing native plugins compatible for Editor in 0.47 ms, found 1 plugins.
Preloading 0 native plugins for Editor in 0.00 ms.
Invoked RoslynAnalysisRunner static constructor.
RoslynAnalysisRunner will not be running.
RoslynAnalysisRunner has terminated.
Mono: successfully reloaded assembly
- Completed reload, in  1.163 seconds
Platform modules already initialized, skipping
Refreshing native plugins compatible for Editor in 0.39 ms, found 1 plugins.
Preloading 0 native plugins for Editor in 0.00 ms.
Unloading 1827 Unused Serialized files (Serialized files now loaded: 0)
System memory in use before: 89.2 MB.
System memory in use after: 89.3 MB.

Unloading 7 unused Assets to reduce memory usage. Loaded Objects now: 2324.
Total: 3.000800 ms (FindLiveObjects: 0.265700 ms CreateObjectMapping: 0.465700 ms MarkObjects: 2.069900 ms  DeleteObjects: 0.017600 ms)

========================================================================
Received Import Request.
  Time since last request: 312.353134 seconds.
  path: Assets/Visual
  artifactKey: Guid(2b195d01a177688419cd5f8b18c6737a) Importer(815301076,1909f56bfc062723c751e8b465ee728b)
Start importing Assets/Visual using Guid(2b195d01a177688419cd5f8b18c6737a) Importer(815301076,1909f56bfc062723c751e8b465ee728b)  -> (artifact id: '61ebfb1faa85b8108501d45b89051c4d') in 0.016159 seconds
  Import took 0.019416 seconds .

========================================================================
Received Prepare
Registering precompiled user dll's ...
Registered in 0.001742 seconds.
Begin MonoManager ReloadAssembly
Native extension for WindowsStandalone target not found
Refreshing native plugins compatible for Editor in 0.41 ms, found 1 plugins.
Preloading 0 native plugins for Editor in 0.00 ms.
Invoked RoslynAnalysisRunner static constructor.
RoslynAnalysisRunner will not be running.
RoslynAnalysisRunner has terminated.
Mono: successfully reloaded assembly
- Completed reload, in  1.411 seconds
Platform modules already initialized, skipping
Refreshing native plugins compatible for Editor in 0.42 ms, found 1 plugins.
Preloading 0 native plugins for Editor in 0.00 ms.
Unloading 1827 Unused Serialized files (Serialized files now loaded: 0)
System memory in use before: 89.2 MB.
System memory in use after: 89.3 MB.

Unloading 7 unused Assets to reduce memory usage. Loaded Objects now: 2327.
Total: 2.807900 ms (FindLiveObjects: 0.560700 ms CreateObjectMapping: 0.179400 ms MarkObjects: 2.046000 ms  DeleteObjects: 0.019800 ms)

========================================================================
Received Import Request.
  Time since last request: 75.982569 seconds.
  path: Assets/Visual/Tiles
  artifactKey: Guid(1345f571114b88a439784d5839465c01) Importer(815301076,1909f56bfc062723c751e8b465ee728b)
Start importing Assets/Visual/Tiles using Guid(1345f571114b88a439784d5839465c01) Importer(815301076,1909f56bfc062723c751e8b465ee728b)  -> (artifact id: '858d46fab7381a343b4241dcebbd3181') in 0.015032 seconds
  Import took 0.018939 seconds .

========================================================================
Received Import Request.
  Time since last request: 3.377319 seconds.
  path: Assets/Visual/Sprites/Final Version Sprites
  artifactKey: Guid(7797b51b86119c743aea92a90df1c431) Importer(815301076,1909f56bfc062723c751e8b465ee728b)
Start importing Assets/Visual/Sprites/Final Version Sprites using Guid(7797b51b86119c743aea92a90df1c431) Importer(815301076,1909f56bfc062723c751e8b465ee728b)  -> (artifact id: '9a91ce425e9e447647d88ae706f342e4') in 0.011505 seconds
  Import took 0.015385 seconds .

========================================================================
Received Import Request.
  Time since last request: 3.177028 seconds.
  path: Assets/Visual/Sprites/Final Version Sprites/Fat Man Normal State.png
  artifactKey: Guid(2ccd3037f96d3f544a3b5308eaa445e6) Importer(815301076,1909f56bfc062723c751e8b465ee728b)
Start importing Assets/Visual/Sprites/Final Version Sprites/Fat Man Normal State.png using Guid(2ccd3037f96d3f544a3b5308eaa445e6) Importer(815301076,1909f56bfc062723c751e8b465ee728b)  -> (artifact id: 'ed2727cdf8a0ff1b995e95079a12ebc0') in 0.131177 seconds
  Import took 0.135067 seconds .

========================================================================
Received Prepare
Registering precompiled user dll's ...
Registered in 0.001132 seconds.
Begin MonoManager ReloadAssembly
Native extension for WindowsStandalone target not found
Refreshing native plugins compatible for Editor in 0.49 ms, found 1 plugins.
Preloading 0 native plugins for Editor in 0.00 ms.
Invoked RoslynAnalysisRunner static constructor.
RoslynAnalysisRunner will not be running.
RoslynAnalysisRunner has terminated.
Mono: successfully reloaded assembly
- Completed reload, in  1.177 seconds
Platform modules already initialized, skipping
Refreshing native plugins compatible for Editor in 0.65 ms, found 1 plugins.
Preloading 0 native plugins for Editor in 0.00 ms.
Unloading 1827 Unused Serialized files (Serialized files now loaded: 0)
System memory in use before: 89.2 MB.
System memory in use after: 89.3 MB.

Unloading 7 unused Assets to reduce memory usage. Loaded Objects now: 2334.
Total: 3.065800 ms (FindLiveObjects: 0.434600 ms CreateObjectMapping: 0.191400 ms MarkObjects: 2.419100 ms  DeleteObjects: 0.018800 ms)

========================================================================
Received Import Request.
  Time since last request: 112.854491 seconds.
  path: Assets/Visual/Sprites/Final Version Sprites/Nurse1 Normal State.png
  artifactKey: Guid(5989d43ba30f0bf4885b5ab1bb092cfe) Importer(815301076,1909f56bfc062723c751e8b465ee728b)
Start importing Assets/Visual/Sprites/Final Version Sprites/Nurse1 Normal State.png using Guid(5989d43ba30f0bf4885b5ab1bb092cfe) Importer(815301076,1909f56bfc062723c751e8b465ee728b)  -> (artifact id: '8ee46284353253c6c446b052b7389b5b') in 0.135812 seconds
  Import took 0.141064 seconds .

========================================================================
Received Import Request.
  Time since last request: 29.775624 seconds.
  path: Assets/Visual/Sprites/Old and Unused Sprites/Nurse2 Facing Down Scared State Full Animation.png
  artifactKey: Guid(d05fe0c61f7992342a5dfc11f5363da2) Importer(815301076,1909f56bfc062723c751e8b465ee728b)
Start importing Assets/Visual/Sprites/Old and Unused Sprites/Nurse2 Facing Down Scared State Full Animation.png using Guid(d05fe0c61f7992342a5dfc11f5363da2) Importer(815301076,1909f56bfc062723c751e8b465ee728b)  -> (artifact id: '0e74fe85440844782fcdd0cee8cf09cf') in 0.038709 seconds
  Import took 0.042674 seconds .

========================================================================
Received Import Request.
  Time since last request: 0.813850 seconds.
  path: Assets/Visual/Sprites/Old and Unused Sprites/Nurse1 Facing Down Normal State Full Animation.png
  artifactKey: Guid(eb353ce2291552c498d7cd7e8412526c) Importer(815301076,1909f56bfc062723c751e8b465ee728b)
Start importing Assets/Visual/Sprites/Old and Unused Sprites/Nurse1 Facing Down Normal State Full Animation.png using Guid(eb353ce2291552c498d7cd7e8412526c) Importer(815301076,1909f56bfc062723c751e8b465ee728b)  -> (artifact id: 'd70ee6732284268a3c20dbe8eb10cfc5') in 0.043611 seconds
  Import took 0.046983 seconds .

========================================================================
Received Import Request.
  Time since last request: 0.429750 seconds.
  path: Assets/Visual/Sprites/Old and Unused Sprites/Nurse1 Facing Down Dead State Full Animation.png
  artifactKey: Guid(da45ca138bc1c794bb68c282d1685b4a) Importer(815301076,1909f56bfc062723c751e8b465ee728b)
Start importing Assets/Visual/Sprites/Old and Unused Sprites/Nurse1 Facing Down Dead State Full Animation.png using Guid(da45ca138bc1c794bb68c282d1685b4a) Importer(815301076,1909f56bfc062723c751e8b465ee728b)  -> (artifact id: '5addd7142d7e4df34bf6dd0b3a79ad55') in 0.042617 seconds
  Import took 0.048194 seconds .

========================================================================
Received Import Request.
  Time since last request: 1.137774 seconds.
  path: Assets/Visual/Sprites/Old and Unused Sprites/Nurse1 Facing Down Recovering State Full Animation.png
  artifactKey: Guid(602956bc9819a404e9f5130c37a45572) Importer(815301076,1909f56bfc062723c751e8b465ee728b)
Start importing Assets/Visual/Sprites/Old and Unused Sprites/Nurse1 Facing Down Recovering State Full Animation.png using Guid(602956bc9819a404e9f5130c37a45572) Importer(815301076,1909f56bfc062723c751e8b465ee728b)  -> (artifact id: '092f085df37f07f1664470f0036f3188') in 0.051272 seconds
  Import took 0.057038 seconds .

========================================================================
Received Import Request.
  Time since last request: 55.918569 seconds.
  path: Assets/Visual/Sprites/Old and Unused Sprites/Nurse1 Facing Down Scared State Full Animation.png
  artifactKey: Guid(806d484851588cd459fa5f1057626ca2) Importer(815301076,1909f56bfc062723c751e8b465ee728b)
Start importing Assets/Visual/Sprites/Old and Unused Sprites/Nurse1 Facing Down Scared State Full Animation.png using Guid(806d484851588cd459fa5f1057626ca2) Importer(815301076,1909f56bfc062723c751e8b465ee728b)  -> (artifact id: '6b16b778f9b05c1db34cbb7a09e3e6fa') in 0.033019 seconds
  Import took 0.037909 seconds .

========================================================================
Received Import Request.
  Time since last request: 0.610411 seconds.
  path: Assets/Visual/Sprites/Old and Unused Sprites/Nurse2 Facing Down Dead State Full Animation.png
  artifactKey: Guid(488f3df3958f0484aa7a1a1eb9dc3ced) Importer(815301076,1909f56bfc062723c751e8b465ee728b)
Start importing Assets/Visual/Sprites/Old and Unused Sprites/Nurse2 Facing Down Dead State Full Animation.png using Guid(488f3df3958f0484aa7a1a1eb9dc3ced) Importer(815301076,1909f56bfc062723c751e8b465ee728b)  -> (artifact id: 'cd1d15ed3c03c9304622f6cecb95134e') in 0.038725 seconds
  Import took 0.041974 seconds .

========================================================================
Received Import Request.
  Time since last request: 25.440212 seconds.
  path: Assets/Visual/Sprites/Old and Unused Sprites/Nurse2 Facing Down Normal State Full Animation.png
  artifactKey: Guid(d7d14f8c2f1a6f740944012c1710cb73) Importer(815301076,1909f56bfc062723c751e8b465ee728b)
Start importing Assets/Visual/Sprites/Old and Unused Sprites/Nurse2 Facing Down Normal State Full Animation.png using Guid(d7d14f8c2f1a6f740944012c1710cb73) Importer(815301076,1909f56bfc062723c751e8b465ee728b)  -> (artifact id: 'c16071fc4f65bc182efc203ebe53514d') in 0.053536 seconds
  Import took 0.057674 seconds .

========================================================================
Received Import Request.
  Time since last request: 22.170322 seconds.
  path: Assets/Visual/Sprites/Old and Unused Sprites/Nurse3 Facing Down Normal State Full Animation.png
  artifactKey: Guid(c1eb64bbbd71e09489d10e334391b71e) Importer(815301076,1909f56bfc062723c751e8b465ee728b)
Start importing Assets/Visual/Sprites/Old and Unused Sprites/Nurse3 Facing Down Normal State Full Animation.png using Guid(c1eb64bbbd71e09489d10e334391b71e) Importer(815301076,1909f56bfc062723c751e8b465ee728b)  -> (artifact id: '7962e0340b5ecbfd11a8605a70808724') in 0.046226 seconds
  Import took 0.050793 seconds .

========================================================================
Received Import Request.
  Time since last request: 41.668916 seconds.
  path: Assets/Visual/Sprites/Old and Unused Sprites/Nurse3 Facing Down Scared State Full Animation.png
  artifactKey: Guid(237e238492e30f640bc566dce17e5335) Importer(815301076,1909f56bfc062723c751e8b465ee728b)
Start importing Assets/Visual/Sprites/Old and Unused Sprites/Nurse3 Facing Down Scared State Full Animation.png using Guid(237e238492e30f640bc566dce17e5335) Importer(815301076,1909f56bfc062723c751e8b465ee728b)  -> (artifact id: 'ab08cf0d7308b545666f2c908ccf46a0') in 0.053178 seconds
  Import took 0.058901 seconds .

========================================================================
Received Import Request.
  Time since last request: 0.298145 seconds.
  path: Assets/Visual/Sprites/Old and Unused Sprites/Nurse4 Facing Down Recovering State Full Animation.png
  artifactKey: Guid(fb1349cebde46f74bb3b755c576455cd) Importer(815301076,1909f56bfc062723c751e8b465ee728b)
Start importing Assets/Visual/Sprites/Old and Unused Sprites/Nurse4 Facing Down Recovering State Full Animation.png using Guid(fb1349cebde46f74bb3b755c576455cd) Importer(815301076,1909f56bfc062723c751e8b465ee728b)  -> (artifact id: '4256c4c8fbc3dbfdfeed068906ef5bf1') in 0.042890 seconds
  Import took 0.048097 seconds .

========================================================================
Received Import Request.
  Time since last request: 0.826576 seconds.
  path: Assets/Visual/Sprites/Old and Unused Sprites/Nurse4 Facing Down Scared State Full Animation.png
  artifactKey: Guid(7b8f82ba3ff579449b5066205c18b41a) Importer(815301076,1909f56bfc062723c751e8b465ee728b)
Start importing Assets/Visual/Sprites/Old and Unused Sprites/Nurse4 Facing Down Scared State Full Animation.png using Guid(7b8f82ba3ff579449b5066205c18b41a) Importer(815301076,1909f56bfc062723c751e8b465ee728b)  -> (artifact id: '97fbeec57d0cf83ac4a2bdcfd3138d28') in 0.041134 seconds
  Import took 0.046207 seconds .

========================================================================
Received Import Request.
  Time since last request: 0.525076 seconds.
  path: Assets/Visual/Sprites/Old and Unused Sprites/Nurse4 Facing Down Dead State Full Animation.png
  artifactKey: Guid(e30ac94bc6f8d664e863c6f97450b5cd) Importer(815301076,1909f56bfc062723c751e8b465ee728b)
Start importing Assets/Visual/Sprites/Old and Unused Sprites/Nurse4 Facing Down Dead State Full Animation.png using Guid(e30ac94bc6f8d664e863c6f97450b5cd) Importer(815301076,1909f56bfc062723c751e8b465ee728b)  -> (artifact id: 'f7b995c1686e3204dc7ea4fffdd9615d') in 0.044480 seconds
  Import took 0.051853 seconds .

========================================================================
Received Import Request.
  Time since last request: 5.536150 seconds.
  path: Assets/Visual/Sprites/Old and Unused Sprites/Nurse4Facing Down Normal State Full Animation.png
  artifactKey: Guid(a5755e4029ef49348aa9ca332a49c986) Importer(815301076,1909f56bfc062723c751e8b465ee728b)
Start importing Assets/Visual/Sprites/Old and Unused Sprites/Nurse4Facing Down Normal State Full Animation.png using Guid(a5755e4029ef49348aa9ca332a49c986) Importer(815301076,1909f56bfc062723c751e8b465ee728b)  -> (artifact id: '04edc261bd43fc98828c31bbe1c12ff8') in 0.044312 seconds
  Import took 0.048843 seconds .

========================================================================
Received Import Request.
  Time since last request: 23.101598 seconds.
  path: Assets/Visual/Sprites/Final Version Sprites/Nurse1 Scared State.png
  artifactKey: Guid(dc1b0c6fb8d83e04da9a834d18534a15) Importer(815301076,1909f56bfc062723c751e8b465ee728b)
Start importing Assets/Visual/Sprites/Final Version Sprites/Nurse1 Scared State.png using Guid(dc1b0c6fb8d83e04da9a834d18534a15) Importer(815301076,1909f56bfc062723c751e8b465ee728b)  -> (artifact id: '5b641af471a2f3158b64fb55916dd3fd') in 0.064398 seconds
  Import took 0.069230 seconds .

========================================================================
Received Import Request.
  Time since last request: 44.859880 seconds.
  path: Assets/Visual/Sprites/Final Version Sprites/Nurse2 Normal State.png
  artifactKey: Guid(77625daa0651dad48ab42fd965055274) Importer(815301076,1909f56bfc062723c751e8b465ee728b)
Start importing Assets/Visual/Sprites/Final Version Sprites/Nurse2 Normal State.png using Guid(77625daa0651dad48ab42fd965055274) Importer(815301076,1909f56bfc062723c751e8b465ee728b)  -> (artifact id: '161f8305eb80fe9f1b6007a7bc4c1055') in 0.075911 seconds
  Import took 0.081185 seconds .

========================================================================
Received Import Request.
  Time since last request: 27.471604 seconds.
  path: Assets/Visual/Sprites/Final Version Sprites/Nurse4 Normal State.png
  artifactKey: Guid(570de39260072aa489a6fd2703389e9d) Importer(815301076,1909f56bfc062723c751e8b465ee728b)
Start importing Assets/Visual/Sprites/Final Version Sprites/Nurse4 Normal State.png using Guid(570de39260072aa489a6fd2703389e9d) Importer(815301076,1909f56bfc062723c751e8b465ee728b)  -> (artifact id: '93d7fecd47faa251e65cd679be33fc16') in 0.064630 seconds
  Import took 0.068332 seconds .

========================================================================
Received Import Request.
  Time since last request: 2.273184 seconds.
  path: Assets/Visual/Sprites/Final Version Sprites/Nurse3 Normal State.png
  artifactKey: Guid(7b7711765d0be3b4d982ceea83be17a7) Importer(815301076,1909f56bfc062723c751e8b465ee728b)
Start importing Assets/Visual/Sprites/Final Version Sprites/Nurse3 Normal State.png using Guid(7b7711765d0be3b4d982ceea83be17a7) Importer(815301076,1909f56bfc062723c751e8b465ee728b)  -> (artifact id: 'cdd335c9cba4c1d03dbb6432779e9e18') in 0.071981 seconds
  Import took 0.075631 seconds .

========================================================================
Received Prepare
Registering precompiled user dll's ...
Registered in 0.002112 seconds.
Begin MonoManager ReloadAssembly
Native extension for WindowsStandalone target not found
Refreshing native plugins compatible for Editor in 0.36 ms, found 1 plugins.
Preloading 0 native plugins for Editor in 0.00 ms.
Invoked RoslynAnalysisRunner static constructor.
RoslynAnalysisRunner will not be running.
RoslynAnalysisRunner has terminated.
Mono: successfully reloaded assembly
- Completed reload, in  0.999 seconds
Platform modules already initialized, skipping
Refreshing native plugins compatible for Editor in 0.38 ms, found 1 plugins.
Preloading 0 native plugins for Editor in 0.00 ms.
Unloading 1827 Unused Serialized files (Serialized files now loaded: 0)
System memory in use before: 89.3 MB.
System memory in use after: 89.4 MB.

Unloading 7 unused Assets to reduce memory usage. Loaded Objects now: 2341.
Total: 2.716400 ms (FindLiveObjects: 0.325800 ms CreateObjectMapping: 0.194200 ms MarkObjects: 2.134900 ms  DeleteObjects: 0.058800 ms)

========================================================================
Received Prepare
Registering precompiled user dll's ...
Registered in 0.003466 seconds.
Begin MonoManager ReloadAssembly
Native extension for WindowsStandalone target not found
Refreshing native plugins compatible for Editor in 0.36 ms, found 1 plugins.
Preloading 0 native plugins for Editor in 0.00 ms.
Invoked RoslynAnalysisRunner static constructor.
RoslynAnalysisRunner will not be running.
RoslynAnalysisRunner has terminated.
Mono: successfully reloaded assembly
- Completed reload, in  2.077 seconds
Platform modules already initialized, skipping
Refreshing native plugins compatible for Editor in 0.67 ms, found 1 plugins.
Preloading 0 native plugins for Editor in 0.00 ms.
Unloading 1827 Unused Serialized files (Serialized files now loaded: 0)
System memory in use before: 89.3 MB.
System memory in use after: 89.4 MB.

Unloading 7 unused Assets to reduce memory usage. Loaded Objects now: 2344.
Total: 2.426300 ms (FindLiveObjects: 0.381700 ms CreateObjectMapping: 0.159900 ms MarkObjects: 1.861300 ms  DeleteObjects: 0.018800 ms)

========================================================================
Received Prepare
Registering precompiled user dll's ...
Registered in 0.001614 seconds.
Begin MonoManager ReloadAssembly
Native extension for WindowsStandalone target not found
Refreshing native plugins compatible for Editor in 0.41 ms, found 1 plugins.
Preloading 0 native plugins for Editor in 0.00 ms.
Invoked RoslynAnalysisRunner static constructor.
RoslynAnalysisRunner will not be running.
RoslynAnalysisRunner has terminated.
Mono: successfully reloaded assembly
- Completed reload, in  1.752 seconds
Platform modules already initialized, skipping
Refreshing native plugins compatible for Editor in 0.37 ms, found 1 plugins.
Preloading 0 native plugins for Editor in 0.00 ms.
Unloading 1827 Unused Serialized files (Serialized files now loaded: 0)
System memory in use before: 89.3 MB.
System memory in use after: 89.4 MB.

Unloading 7 unused Assets to reduce memory usage. Loaded Objects now: 2347.
Total: 6.234800 ms (FindLiveObjects: 1.319800 ms CreateObjectMapping: 0.648300 ms MarkObjects: 4.206100 ms  DeleteObjects: 0.053900 ms)

========================================================================
Received Prepare
Registering precompiled user dll's ...
Registered in 0.001343 seconds.
Begin MonoManager ReloadAssembly
Native extension for WindowsStandalone target not found
Refreshing native plugins compatible for Editor in 0.63 ms, found 1 plugins.
Preloading 0 native plugins for Editor in 0.00 ms.
Invoked RoslynAnalysisRunner static constructor.
RoslynAnalysisRunner will not be running.
RoslynAnalysisRunner has terminated.
Mono: successfully reloaded assembly
- Completed reload, in  1.546 seconds
Platform modules already initialized, skipping
Refreshing native plugins compatible for Editor in 0.67 ms, found 1 plugins.
Preloading 0 native plugins for Editor in 0.00 ms.
Unloading 1827 Unused Serialized files (Serialized files now loaded: 0)
System memory in use before: 89.3 MB.
System memory in use after: 89.4 MB.

Unloading 7 unused Assets to reduce memory usage. Loaded Objects now: 2350.
Total: 3.893100 ms (FindLiveObjects: 0.389800 ms CreateObjectMapping: 0.168400 ms MarkObjects: 3.303700 ms  DeleteObjects: 0.027500 ms)

========================================================================
Received Prepare
Registering precompiled user dll's ...
Registered in 0.001146 seconds.
Begin MonoManager ReloadAssembly
Native extension for WindowsStandalone target not found
Refreshing native plugins compatible for Editor in 0.44 ms, found 1 plugins.
Preloading 0 native plugins for Editor in 0.00 ms.
Invoked RoslynAnalysisRunner static constructor.
RoslynAnalysisRunner will not be running.
RoslynAnalysisRunner has terminated.
Mono: successfully reloaded assembly
- Completed reload, in  1.594 seconds
Platform modules already initialized, skipping
Refreshing native plugins compatible for Editor in 0.38 ms, found 1 plugins.
Preloading 0 native plugins for Editor in 0.00 ms.
Unloading 1827 Unused Serialized files (Serialized files now loaded: 0)
System memory in use before: 89.3 MB.
System memory in use after: 89.4 MB.

Unloading 7 unused Assets to reduce memory usage. Loaded Objects now: 2353.
Total: 3.221800 ms (FindLiveObjects: 0.584300 ms CreateObjectMapping: 0.194800 ms MarkObjects: 2.415900 ms  DeleteObjects: 0.024600 ms)

========================================================================
Received Prepare
Registering precompiled user dll's ...
Registered in 0.001213 seconds.
Begin MonoManager ReloadAssembly
Native extension for WindowsStandalone target not found
Refreshing native plugins compatible for Editor in 0.58 ms, found 1 plugins.
Preloading 0 native plugins for Editor in 0.00 ms.
Invoked RoslynAnalysisRunner static constructor.
RoslynAnalysisRunner will not be running.
RoslynAnalysisRunner has terminated.
Mono: successfully reloaded assembly
- Completed reload, in  1.296 seconds
Platform modules already initialized, skipping
Refreshing native plugins compatible for Editor in 0.38 ms, found 1 plugins.
Preloading 0 native plugins for Editor in 0.00 ms.
Unloading 1827 Unused Serialized files (Serialized files now loaded: 0)
System memory in use before: 89.3 MB.
System memory in use after: 89.4 MB.

Unloading 7 unused Assets to reduce memory usage. Loaded Objects now: 2356.
Total: 2.620500 ms (FindLiveObjects: 0.330900 ms CreateObjectMapping: 0.213800 ms MarkObjects: 2.042300 ms  DeleteObjects: 0.031500 ms)

========================================================================
Received Prepare
Registering precompiled user dll's ...
Registered in 0.001304 seconds.
Begin MonoManager ReloadAssembly
Native extension for WindowsStandalone target not found
Refreshing native plugins compatible for Editor in 0.62 ms, found 1 plugins.
Preloading 0 native plugins for Editor in 0.00 ms.
Invoked RoslynAnalysisRunner static constructor.
RoslynAnalysisRunner will not be running.
RoslynAnalysisRunner has terminated.
Mono: successfully reloaded assembly
- Completed reload, in  1.111 seconds
Platform modules already initialized, skipping
Refreshing native plugins compatible for Editor in 0.38 ms, found 1 plugins.
Preloading 0 native plugins for Editor in 0.00 ms.
Unloading 1827 Unused Serialized files (Serialized files now loaded: 0)
System memory in use before: 89.3 MB.
System memory in use after: 89.5 MB.

Unloading 7 unused Assets to reduce memory usage. Loaded Objects now: 2359.
Total: 3.029500 ms (FindLiveObjects: 0.308200 ms CreateObjectMapping: 0.090100 ms MarkObjects: 2.610600 ms  DeleteObjects: 0.018900 ms)

========================================================================
Received Prepare
Registering precompiled user dll's ...
Registered in 0.001144 seconds.
Begin MonoManager ReloadAssembly
Native extension for WindowsStandalone target not found
Refreshing native plugins compatible for Editor in 0.45 ms, found 1 plugins.
Preloading 0 native plugins for Editor in 0.00 ms.
Invoked RoslynAnalysisRunner static constructor.
RoslynAnalysisRunner will not be running.
RoslynAnalysisRunner has terminated.
Mono: successfully reloaded assembly
- Completed reload, in  1.241 seconds
Platform modules already initialized, skipping
Refreshing native plugins compatible for Editor in 0.73 ms, found 1 plugins.
Preloading 0 native plugins for Editor in 0.00 ms.
Unloading 1827 Unused Serialized files (Serialized files now loaded: 0)
System memory in use before: 89.3 MB.
System memory in use after: 89.5 MB.

Unloading 7 unused Assets to reduce memory usage. Loaded Objects now: 2362.
Total: 3.761400 ms (FindLiveObjects: 0.404800 ms CreateObjectMapping: 0.667600 ms MarkObjects: 2.668800 ms  DeleteObjects: 0.017900 ms)

========================================================================
Received Prepare
Registering precompiled user dll's ...
Registered in 0.001114 seconds.
Begin MonoManager ReloadAssembly
Native extension for WindowsStandalone target not found
Refreshing native plugins compatible for Editor in 0.61 ms, found 1 plugins.
Preloading 0 native plugins for Editor in 0.00 ms.
Invoked RoslynAnalysisRunner static constructor.
RoslynAnalysisRunner will not be running.
RoslynAnalysisRunner has terminated.
Mono: successfully reloaded assembly
- Completed reload, in  1.182 seconds
Platform modules already initialized, skipping
Refreshing native plugins compatible for Editor in 0.57 ms, found 1 plugins.
Preloading 0 native plugins for Editor in 0.00 ms.
Unloading 1827 Unused Serialized files (Serialized files now loaded: 0)
System memory in use before: 89.3 MB.
System memory in use after: 89.5 MB.

Unloading 7 unused Assets to reduce memory usage. Loaded Objects now: 2365.
Total: 3.764500 ms (FindLiveObjects: 0.472700 ms CreateObjectMapping: 0.186000 ms MarkObjects: 3.079800 ms  DeleteObjects: 0.024000 ms)

========================================================================
Received Prepare
Registering precompiled user dll's ...
Registered in 0.003077 seconds.
Begin MonoManager ReloadAssembly
Native extension for WindowsStandalone target not found
Refreshing native plugins compatible for Editor in 0.46 ms, found 1 plugins.
Preloading 0 native plugins for Editor in 0.00 ms.
Invoked RoslynAnalysisRunner static constructor.
RoslynAnalysisRunner will not be running.
RoslynAnalysisRunner has terminated.
Mono: successfully reloaded assembly
- Completed reload, in  1.378 seconds
Platform modules already initialized, skipping
Refreshing native plugins compatible for Editor in 0.39 ms, found 1 plugins.
Preloading 0 native plugins for Editor in 0.00 ms.
Unloading 1827 Unused Serialized files (Serialized files now loaded: 0)
System memory in use before: 89.4 MB.
System memory in use after: 89.5 MB.

Unloading 7 unused Assets to reduce memory usage. Loaded Objects now: 2368.
Total: 2.562200 ms (FindLiveObjects: 0.413100 ms CreateObjectMapping: 0.173400 ms MarkObjects: 1.951600 ms  DeleteObjects: 0.022000 ms)

========================================================================
Received Import Request.
  Time since last request: 17907.804139 seconds.
  path: Assets/Visual/Sprites/Final Version Sprites/6 - Empty Power Pellet Complete.png
  artifactKey: Guid(ad0864183458e424cb4118ac8b5ad586) Importer(815301076,1909f56bfc062723c751e8b465ee728b)
Start importing Assets/Visual/Sprites/Final Version Sprites/6 - Empty Power Pellet Complete.png using Guid(ad0864183458e424cb4118ac8b5ad586) Importer(815301076,1909f56bfc062723c751e8b465ee728b)  -> (artifact id: 'e0d6e1081cbdd6777572a66149afd177') in 0.096204 seconds
  Import took 0.100625 seconds .

========================================================================
Received Import Request.
  Time since last request: 1.830839 seconds.
  path: Assets/Visual/Sprites/Final Version Sprites/6 - Empty Power Pellet Complete Full Animation.png
  artifactKey: Guid(b0cf022ca3867f64f9bb2f0a79458931) Importer(815301076,1909f56bfc062723c751e8b465ee728b)
Start importing Assets/Visual/Sprites/Final Version Sprites/6 - Empty Power Pellet Complete Full Animation.png using Guid(b0cf022ca3867f64f9bb2f0a79458931) Importer(815301076,1909f56bfc062723c751e8b465ee728b)  -> (artifact id: '388d3c693a8f4b6ec67bc71b791bbab5') in 0.034803 seconds
  Import took 0.038262 seconds .

========================================================================
Received Import Request.
  Time since last request: 4.819200 seconds.
  path: Assets/Scenes/StartScene.unity
  artifactKey: Guid(ab0585793d8409341a75e0c0bd3a275f) Importer(815301076,1909f56bfc062723c751e8b465ee728b)
Start importing Assets/Scenes/StartScene.unity using Guid(ab0585793d8409341a75e0c0bd3a275f) Importer(815301076,1909f56bfc062723c751e8b465ee728b)  -> (artifact id: '3f4ed8e64fce3136d20fd51e65d86393') in 0.011626 seconds
  Import took 0.020533 seconds .

========================================================================
Received Import Request.
  Time since last request: 3.457377 seconds.
  path: Assets/Scenes/StartScene.unity
  artifactKey: Guid(ab0585793d8409341a75e0c0bd3a275f) Importer(815301076,1909f56bfc062723c751e8b465ee728b)
Start importing Assets/Scenes/StartScene.unity using Guid(ab0585793d8409341a75e0c0bd3a275f) Importer(815301076,1909f56bfc062723c751e8b465ee728b)  -> (artifact id: 'a41fa40bfaafcd0a8c283866106a75da') in 0.008835 seconds
  Import took 0.015662 seconds .

========================================================================
Received Import Request.
  Time since last request: 1.408079 seconds.
  path: Assets/Scenes/SampleScene.unity
  artifactKey: Guid(2cda990e2423bbf4892e6590ba056729) Importer(815301076,1909f56bfc062723c751e8b465ee728b)
Start importing Assets/Scenes/SampleScene.unity using Guid(2cda990e2423bbf4892e6590ba056729) Importer(815301076,1909f56bfc062723c751e8b465ee728b)  -> (artifact id: '1bfb675bc1430e1d7a57ba95bac77147') in 0.010272 seconds
  Import took 0.015089 seconds .

========================================================================
Received Prepare
Registering precompiled user dll's ...
Registered in 0.001734 seconds.
Begin MonoManager ReloadAssembly
Native extension for WindowsStandalone target not found
Refreshing native plugins compatible for Editor in 0.37 ms, found 1 plugins.
Preloading 0 native plugins for Editor in 0.00 ms.
Invoked RoslynAnalysisRunner static constructor.
RoslynAnalysisRunner will not be running.
RoslynAnalysisRunner has terminated.
Mono: successfully reloaded assembly
- Completed reload, in  1.220 seconds
Platform modules already initialized, skipping
Refreshing native plugins compatible for Editor in 0.43 ms, found 1 plugins.
Preloading 0 native plugins for Editor in 0.00 ms.
Unloading 1827 Unused Serialized files (Serialized files now loaded: 0)
System memory in use before: 89.4 MB.
System memory in use after: 89.5 MB.

Unloading 7 unused Assets to reduce memory usage. Loaded Objects now: 2372.
Total: 2.525700 ms (FindLiveObjects: 0.339200 ms CreateObjectMapping: 0.180400 ms MarkObjects: 1.984600 ms  DeleteObjects: 0.019700 ms)

========================================================================
Received Prepare
Registering precompiled user dll's ...
Registered in 0.001398 seconds.
Begin MonoManager ReloadAssembly
Native extension for WindowsStandalone target not found
Refreshing native plugins compatible for Editor in 0.39 ms, found 1 plugins.
Preloading 0 native plugins for Editor in 0.00 ms.
Invoked RoslynAnalysisRunner static constructor.
RoslynAnalysisRunner will not be running.
RoslynAnalysisRunner has terminated.
Mono: successfully reloaded assembly
- Completed reload, in  1.074 seconds
Platform modules already initialized, skipping
Refreshing native plugins compatible for Editor in 0.42 ms, found 1 plugins.
Preloading 0 native plugins for Editor in 0.00 ms.
Unloading 1827 Unused Serialized files (Serialized files now loaded: 0)
System memory in use before: 89.4 MB.
System memory in use after: 89.5 MB.

Unloading 7 unused Assets to reduce memory usage. Loaded Objects now: 2375.
Total: 2.279100 ms (FindLiveObjects: 0.416600 ms CreateObjectMapping: 0.156800 ms MarkObjects: 1.686800 ms  DeleteObjects: 0.017400 ms)

========================================================================
Received Prepare
Registering precompiled user dll's ...
Registered in 0.001194 seconds.
Begin MonoManager ReloadAssembly
Native extension for WindowsStandalone target not found
Refreshing native plugins compatible for Editor in 0.39 ms, found 1 plugins.
Preloading 0 native plugins for Editor in 0.00 ms.
Invoked RoslynAnalysisRunner static constructor.
RoslynAnalysisRunner will not be running.
RoslynAnalysisRunner has terminated.
Mono: successfully reloaded assembly
- Completed reload, in  2.386 seconds
Platform modules already initialized, skipping
Refreshing native plugins compatible for Editor in 0.72 ms, found 1 plugins.
Preloading 0 native plugins for Editor in 0.00 ms.
Unloading 1827 Unused Serialized files (Serialized files now loaded: 0)
System memory in use before: 89.4 MB.
System memory in use after: 89.5 MB.

Unloading 7 unused Assets to reduce memory usage. Loaded Objects now: 2378.
Total: 2.010200 ms (FindLiveObjects: 0.228100 ms CreateObjectMapping: 0.068900 ms MarkObjects: 1.694000 ms  DeleteObjects: 0.017600 ms)

========================================================================
Received Prepare
Registering precompiled user dll's ...
Registered in 0.001165 seconds.
Begin MonoManager ReloadAssembly
Native extension for WindowsStandalone target not found
Refreshing native plugins compatible for Editor in 0.36 ms, found 1 plugins.
Preloading 0 native plugins for Editor in 0.00 ms.
Invoked RoslynAnalysisRunner static constructor.
RoslynAnalysisRunner will not be running.
RoslynAnalysisRunner has terminated.
Mono: successfully reloaded assembly
- Completed reload, in  1.784 seconds
Platform modules already initialized, skipping
Refreshing native plugins compatible for Editor in 2.11 ms, found 1 plugins.
Preloading 0 native plugins for Editor in 0.00 ms.
Unloading 1827 Unused Serialized files (Serialized files now loaded: 0)
System memory in use before: 89.4 MB.
System memory in use after: 89.5 MB.

Unloading 7 unused Assets to reduce memory usage. Loaded Objects now: 2381.
Total: 6.497900 ms (FindLiveObjects: 0.478200 ms CreateObjectMapping: 0.148700 ms MarkObjects: 5.848200 ms  DeleteObjects: 0.020700 ms)

========================================================================
Received Import Request.
  Time since last request: 738.570200 seconds.
  path: Assets/Samples/2D Pixel Perfect/4.0.1/Sample Scenes and Extras
  artifactKey: Guid(3dcc82a824827464a86a45a30af3acd0) Importer(815301076,1909f56bfc062723c751e8b465ee728b)
Start importing Assets/Samples/2D Pixel Perfect/4.0.1/Sample Scenes and Extras using Guid(3dcc82a824827464a86a45a30af3acd0) Importer(815301076,1909f56bfc062723c751e8b465ee728b)  -> (artifact id: 'e6f6c21f895bf33ababeeb501eb36e92') in 0.578189 seconds
  Import took 0.802846 seconds .

========================================================================
Received Prepare
Registering precompiled user dll's ...
Registered in 0.001126 seconds.
Begin MonoManager ReloadAssembly
Native extension for WindowsStandalone target not found
Refreshing native plugins compatible for Editor in 0.36 ms, found 1 plugins.
Preloading 0 native plugins for Editor in 0.00 ms.
Invoked RoslynAnalysisRunner static constructor.
RoslynAnalysisRunner will not be running.
RoslynAnalysisRunner has terminated.
Mono: successfully reloaded assembly
- Completed reload, in  1.016 seconds
Platform modules already initialized, skipping
Refreshing native plugins compatible for Editor in 0.75 ms, found 1 plugins.
Preloading 0 native plugins for Editor in 0.00 ms.
Unloading 1835 Unused Serialized files (Serialized files now loaded: 0)
System memory in use before: 89.8 MB.
System memory in use after: 89.9 MB.

Unloading 9 unused Assets to reduce memory usage. Loaded Objects now: 2387.
Total: 2.203600 ms (FindLiveObjects: 0.196100 ms CreateObjectMapping: 0.077000 ms MarkObjects: 1.874100 ms  DeleteObjects: 0.052300 ms)

========================================================================
Received Prepare
Registering precompiled user dll's ...
Registered in 0.001501 seconds.
Begin MonoManager ReloadAssembly
Native extension for WindowsStandalone target not found
Refreshing native plugins compatible for Editor in 0.39 ms, found 1 plugins.
Preloading 0 native plugins for Editor in 0.00 ms.
Invoked RoslynAnalysisRunner static constructor.
RoslynAnalysisRunner will not be running.
RoslynAnalysisRunner has terminated.
Mono: successfully reloaded assembly
- Completed reload, in  1.133 seconds
Platform modules already initialized, skipping
Refreshing native plugins compatible for Editor in 0.45 ms, found 1 plugins.
Preloading 0 native plugins for Editor in 0.00 ms.
Unloading 1835 Unused Serialized files (Serialized files now loaded: 0)
System memory in use before: 89.8 MB.
System memory in use after: 89.9 MB.

Unloading 8 unused Assets to reduce memory usage. Loaded Objects now: 2389.
Total: 5.670400 ms (FindLiveObjects: 0.347300 ms CreateObjectMapping: 0.148100 ms MarkObjects: 5.077200 ms  DeleteObjects: 0.095900 ms)

========================================================================
Received Prepare
Registering precompiled user dll's ...
Registered in 0.001150 seconds.
Begin MonoManager ReloadAssembly
Native extension for WindowsStandalone target not found
Refreshing native plugins compatible for Editor in 0.37 ms, found 1 plugins.
Preloading 0 native plugins for Editor in 0.00 ms.
Invoked RoslynAnalysisRunner static constructor.
RoslynAnalysisRunner will not be running.
RoslynAnalysisRunner has terminated.
Mono: successfully reloaded assembly
- Completed reload, in  1.203 seconds
Platform modules already initialized, skipping
Refreshing native plugins compatible for Editor in 2.48 ms, found 1 plugins.
Preloading 0 native plugins for Editor in 0.00 ms.
Unloading 1835 Unused Serialized files (Serialized files now loaded: 0)
System memory in use before: 89.8 MB.
System memory in use after: 89.9 MB.

Unloading 8 unused Assets to reduce memory usage. Loaded Objects now: 2391.
Total: 15.479700 ms (FindLiveObjects: 0.397800 ms CreateObjectMapping: 0.136400 ms MarkObjects: 14.846800 ms  DeleteObjects: 0.096400 ms)

========================================================================
Received Import Request.
  Time since last request: 255.882375 seconds.
  path: Assets/Scenes/StartScene.unity
  artifactKey: Guid(ab0585793d8409341a75e0c0bd3a275f) Importer(815301076,1909f56bfc062723c751e8b465ee728b)
Start importing Assets/Scenes/StartScene.unity using Guid(ab0585793d8409341a75e0c0bd3a275f) Importer(815301076,1909f56bfc062723c751e8b465ee728b)  -> (artifact id: 'ee282ffa26b3b79d08f9c6729582136d') in 0.023480 seconds
  Import took 0.028671 seconds .

========================================================================
Received Import Request.
  Time since last request: 26.020234 seconds.
  path: Assets/Scripts/LoopIntroMusic.cs
  artifactKey: Guid(3e3f9b062049c6a439900104820d6616) Importer(815301076,1909f56bfc062723c751e8b465ee728b)
Start importing Assets/Scripts/LoopIntroMusic.cs using Guid(3e3f9b062049c6a439900104820d6616) Importer(815301076,1909f56bfc062723c751e8b465ee728b)  -> (artifact id: 'cc3d9e11bb66d4dece592f1375a27784') in 0.016766 seconds
  Import took 0.027183 seconds .

========================================================================
Received Prepare
Registering precompiled user dll's ...
Registered in 0.001747 seconds.
Begin MonoManager ReloadAssembly
Native extension for WindowsStandalone target not found
Refreshing native plugins compatible for Editor in 0.44 ms, found 1 plugins.
Preloading 0 native plugins for Editor in 0.00 ms.
Invoked RoslynAnalysisRunner static constructor.
RoslynAnalysisRunner will not be running.
RoslynAnalysisRunner has terminated.
Mono: successfully reloaded assembly
- Completed reload, in  1.215 seconds
Platform modules already initialized, skipping
Refreshing native plugins compatible for Editor in 0.70 ms, found 1 plugins.
Preloading 0 native plugins for Editor in 0.00 ms.
Unloading 1836 Unused Serialized files (Serialized files now loaded: 0)
System memory in use before: 90.1 MB.
System memory in use after: 90.2 MB.

Unloading 8 unused Assets to reduce memory usage. Loaded Objects now: 2394.
Total: 2.710200 ms (FindLiveObjects: 0.375800 ms CreateObjectMapping: 0.104700 ms MarkObjects: 2.115700 ms  DeleteObjects: 0.112600 ms)

AssetImportWorkerClient::OnTransportError - code=2 error=End of file
